<?xml version="1.0" encoding="UTF-8"?>
<!-- Generated by org.testng.reporters.JUnitXMLReporter -->
<testsuite hostname="LAPTOP-8B5VFCJA" ignored="0" name="Test" tests="6" failures="0" timestamp="29 Aug 2021 12:15:39 GMT" time="62.491" errors="0">
  <testcase name="verifyAddToCart" time="6.35" classname="com.qa.guru99.livedemo.test.CartPageTest"/>
  <testcase name="verifyAddToCompare" time="6.257" classname="com.qa.guru99.livedemo.test.MobilePageTest"/>
  <testcase name="verifyProductPrice" time="2.841" classname="com.qa.guru99.livedemo.test.MobilePageTest"/>
  <testcase name="verifySorting" time="1.907" classname="com.qa.guru99.livedemo.test.MobilePageTest"/>
  <testcase name="verifyHomePage" time="0.009" classname="com.qa.guru99.livedemo.test.HomePageTest"/>
  <testcase name="verifyMobilePage" time="1.398" classname="com.qa.guru99.livedemo.test.HomePageTest"/>
</testsuite> <!-- Test -->
